{"message":"App listening on port 8080!","level":"info"}
{"message":"App listening on port 8080!","level":"info"}
{"message":"App listening on port 8080!","level":"info"}
{"message":"App listening on port 8080!","level":"info"}
{"message":"App listening on port 8080!","level":"info"}
{"message":"App listening on port 8080!","level":"info"}
{"message":"App listening on port 8080!","level":"info"}
{"message":"App listening on port 8080!","level":"info"}
{"message":"App listening on port 8080!","level":"info"}
{"message":"App listening on port 8080!","level":"info"}
{"message":"App listening on port 8080!","level":"info"}
{"message":"App listening on port 8080!","level":"info"}
{"message":"App listening on port 8080!","level":"info"}
{"message":"App listening on port 8080!","level":"info"}
{"message":"App listening on port 8080!","level":"info"}
{"message":"App listening on port 8080!","level":"info"}
{"message":"App listening on port 8080!","level":"info"}
{"message":"App listening on port 8080!","level":"info"}
{"message":"App listening on port 8080!","level":"info"}
{"message":"App listening on port 8080!","level":"info"}
{"message":"App listening on port 8080!","level":"info"}
{"message":"App listening on port 8080!","level":"info"}
{"message":"App listening on port 8080!","level":"info"}
{"message":"App listening on port 8080!","level":"info"}
{"message":"App listening on port 8080!","level":"info"}
{"message":"App listening on port 8080!","level":"info"}
{"message":"App listening on port 8080!","level":"info"}
{"message":"App listening on port 8080!","level":"info"}
{"message":"App listening on port 8080!","level":"info"}
{"message":"App listening on port 8080!","level":"info"}
{"message":"App listening on port 8080!","level":"info"}
{"message":"App listening on port 8080!","level":"info"}
{"message":"App listening on port 8080!","level":"info"}
{"message":"App listening on port 8080!","level":"info"}
{"message":"App listening on port 8080!","level":"info"}
{"message":"App listening on port 8080!","level":"info"}
{"message":"App listening on port 8080!","level":"info"}
{"message":"App listening on port 8080!","level":"info"}
{"message":"App listening on port 8080!","level":"info"}
{"message":"App listening on port 8080!","level":"info"}
{"message":"App listening on port 8080!","level":"info"}
{"message":"App listening on port 8080!","level":"info"}
{"message":"App listening on port 8080!","level":"info"}
{"message":"App listening on port 8080!","level":"info"}
{"message":"App listening on port 8080!","level":"info"}
{"message":"App listening on port 8080!","level":"info"}
{"message":"App listening on port 8080!","level":"info"}
{"message":"App listening on port 8080!","level":"info"}
{"message":"App listening on port 8080!","level":"info"}
{"message":"App listening on port 8080!","level":"info"}
{"message":"App listening on port 8080!","level":"info"}
{"message":"App listening on port 8080!","level":"info"}
{"message":"App listening on port 8080!","level":"info"}
{"message":"App listening on port 8080!","level":"info"}
{"message":"App listening on port 8080!","level":"info"}
{"message":"App listening on port 8080!","level":"info"}
{"message":"App listening on port 8080!","level":"info"}
{"message":"App listening on port 8080!","level":"info"}
{"message":"App listening on port 8080!","level":"info"}
{"message":"App listening on port 8080!","level":"info"}
{"message":"App listening on port 8080!","level":"info"}
{"message":"App listening on port 8080!","level":"info"}
{"message":"App listening on port 8080!","level":"info"}
{"message":"App listening on port 8080!","level":"info"}
{"message":"App listening on port 8080!","level":"info"}
{"message":"App listening on port 8080!","level":"info"}
{"message":"App listening on port 8080!","level":"info"}
{"message":"App listening on port 8080!","level":"info"}
{"message":"App listening on port 8080!","level":"info"}
{"message":"App listening on port 8080!","level":"info"}
{"message":"App listening on port 8080!","level":"info"}
{"message":"App listening on port 8080!","level":"info"}
{"message":"App listening on port 8080!","level":"info"}
{"message":"App listening on port 8080!","level":"info"}
{"message":"App listening on port 8080!","level":"info"}
{"message":"App listening on port 8080!","level":"info"}
{"message":"App listening on port 8080!","level":"info"}
{"message":"App listening on port 8080!","level":"info"}
{"message":"App listening on port 8080!","level":"info"}
{"message":"App listening on port 8080!","level":"info"}
{"message":"Connected to MariaDB...","level":"info"}
{"message":"Insert to main_rects failedError: Parameter at position 2 is not set\nsql: INSERT INTO main_rects (?) VALUES (?)  - parameters:['x,y,width,height']","level":"error"}
{"message":"App listening on port 8080!","level":"info"}
{"message":"App listening on port 8080!","level":"info"}
{"message":"App listening on port 8080!","level":"info"}
{"message":"App listening on port 8080!","level":"info"}
{"message":"App listening on port 8080!","level":"info"}
{"message":"App listening on port 8080!","level":"info"}
{"message":"App listening on port 8080!","level":"info"}
{"message":"App listening on port 8080!","level":"info"}
{"message":"App listening on port 8080!","level":"info"}
{"message":"App listening on port 8080!","level":"info"}
{"message":"App listening on port 8080!","level":"info"}
{"message":"App listening on port 8080!","level":"info"}
{"message":"App listening on port 8080!","level":"info"}
{"message":"App listening on port 8080!","level":"info"}
{"message":"App listening on port 8080!","level":"info"}
{"message":"App listening on port 8080!","level":"info"}
{"message":"App listening on port 8080!","level":"info"}
{"message":"App listening on port 8080!","level":"info"}
{"message":"App listening on port 8080!","level":"info"}
{"message":"App listening on port 8080!","level":"info"}
{"message":"App listening on port 8080!","level":"info"}
{"message":"App listening on port 8080!","level":"info"}
{"message":"App listening on port 8080!","level":"info"}
{"message":"App listening on port 8080!","level":"info"}
{"message":"App listening on port 8080!","level":"info"}
{"message":"App listening on port 8080!","level":"info"}
{"message":"App listening on port 8080!","level":"info"}
{"message":"App listening on port 8080!","level":"info"}
{"message":"App listening on port 8080!","level":"info"}
{"message":"App listening on port 8080!","level":"info"}
{"message":"App listening on port 8080!","level":"info"}
{"message":"Connected to MariaDB...","level":"info"}
{"message":"App listening on port 8080!","level":"info"}
{"message":"Connected to MariaDB...","level":"info"}
{"message":"App listening on port 8080!","level":"info"}
{"message":"Connected to MariaDB...","level":"info"}
{"message":"App listening on port 8080!","level":"info"}
{"message":"Insert to overlap_rects failedReferenceError: items is not defined","level":"error"}
{"message":"Connected to MariaDB...","level":"info"}
{"message":"Insert to main_rects failedError: Parameter at position 2 is not set\nsql: INSERT INTO main_rects (?) VALUES (?)  - parameters:['x,y,width,height']","level":"error"}
{"message":"Connected to MariaDB...","level":"info"}
{"message":"Insert to main_rects failedError: Parameter at position 2 is not set\nsql: INSERT INTO main_rects (?) VALUES (?)  - parameters:['x,y,width,height']","level":"error"}
{"message":"App listening on port 8080!","level":"info"}
{"message":"App listening on port 8080!","level":"info"}
{"message":"Insert to overlap_rects failedReferenceError: items is not defined","level":"error"}
{"message":"Connected to MariaDB...","level":"info"}
{"message":"Insert to main_rects failedError: Parameter at position 2 is not set\nsql: INSERT INTO main_rects (?) VALUES (?)  - parameters:['x,y,width,height']","level":"error"}
{"message":"Connected to MariaDB...","level":"info"}
{"message":"Insert to main_rects failedError: Parameter at position 2 is not set\nsql: INSERT INTO main_rects (?) VALUES (?)  - parameters:['x,y,width,height']","level":"error"}
{"message":"Connected to MariaDB...","level":"info"}
{"message":"App listening on port 8080!","level":"info"}
{"message":"Insert to overlap_rects failedReferenceError: items is not defined","level":"error"}
{"message":"Connected to MariaDB...","level":"info"}
{"message":"Insert to main_rects failedError: Parameter at position 2 is not set\nsql: INSERT INTO main_rects (?) VALUES (?)  - parameters:['x,y,width,height']","level":"error"}
{"message":"Connected to MariaDB...","level":"info"}
{"message":"Insert to main_rects failedError: Parameter at position 2 is not set\nsql: INSERT INTO main_rects (?) VALUES (?)  - parameters:['x,y,width,height']","level":"error"}
{"message":"App listening on port 8080!","level":"info"}
{"message":"App listening on port 8080!","level":"info"}
{"message":"Insert to overlap_rects failedReferenceError: items is not defined","level":"error"}
{"message":"Connected to MariaDB...","level":"info"}
{"message":"Insert to main_rects failedError: Parameter at position 2 is not set\nsql: INSERT INTO main_rects (?) VALUES (?)  - parameters:['x,y,width,height']","level":"error"}
{"message":"Connected to MariaDB...","level":"info"}
{"message":"Insert to main_rects failedError: Parameter at position 2 is not set\nsql: INSERT INTO main_rects (?) VALUES (?)  - parameters:['x,y,width,height']","level":"error"}
{"message":"App listening on port 8080!","level":"info"}
{"message":"App listening on port 8080!","level":"info"}
{"message":"App listening on port 8080!","level":"info"}
{"message":"Insert to overlap_rects failedReferenceError: items is not defined","level":"error"}
{"message":"Connected to MariaDB...","level":"info"}
{"message":"Insert to main_rects failedError: Parameter at position 2 is not set\nsql: INSERT INTO main_rects (?) VALUES (?)  - parameters:['x,y,width,height']","level":"error"}
{"message":"Connected to MariaDB...","level":"info"}
{"message":"Insert to main_rects failedError: Parameter at position 2 is not set\nsql: INSERT INTO main_rects (?) VALUES (?)  - parameters:['x,y,width,height']","level":"error"}
{"message":"App listening on port 8080!","level":"info"}
{"message":"App listening on port 8080!","level":"info"}
{"message":"App listening on port 8080!","level":"info"}
{"message":"App listening on port 8080!","level":"info"}
{"message":"Insert to overlap_rects failedReferenceError: items is not defined","level":"error"}
{"message":"Connected to MariaDB...","level":"info"}
{"message":"Connected to MariaDB...","level":"info"}
{"message":"Insert to main_rects failedError: (conn=1449, no: 1136, SQLState: 21S01) Column count doesn't match value count at row 1\nsql: INSERT INTO main_rects (x,y,width,height) VALUES (?)  - parameters:['0,0,10,20']","level":"error"}
{"message":"Insert to main_rects failedError: (conn=1450, no: 1136, SQLState: 21S01) Column count doesn't match value count at row 1\nsql: INSERT INTO main_rects (x,y,width,height) VALUES (?)  - parameters:['0,0,10,20']","level":"error"}
{"message":"App listening on port 8080!","level":"info"}
{"message":"Insert to overlap_rects failedReferenceError: items is not defined","level":"error"}
{"message":"Connected to MariaDB...","level":"info"}
{"message":"Connected to MariaDB...","level":"info"}
{"message":"Insert to main_rects failedError: (conn=1454, no: 1136, SQLState: 21S01) Column count doesn't match value count at row 1\nsql: INSERT INTO main_rects (x,y,width,height) VALUES (?)  - parameters:['0,0,10,20']","level":"error"}
{"message":"Insert to main_rects failedError: (conn=1455, no: 1136, SQLState: 21S01) Column count doesn't match value count at row 1\nsql: INSERT INTO main_rects (x,y,width,height) VALUES (?)  - parameters:['0,0,10,20']","level":"error"}
{"message":"App listening on port 8080!","level":"info"}
{"message":"Insert to overlap_rects failedTypeError: Cannot convert undefined or null to object","level":"error"}
{"message":"Connected to MariaDB...","level":"info"}
{"message":"Connected to MariaDB...","level":"info"}
{"message":"Insert to main_rects failedError: (conn=1459, no: 1136, SQLState: 21S01) Column count doesn't match value count at row 1\nsql: INSERT INTO main_rects (x,y,width,height) VALUES (?)  - parameters:['0,0,10,20']","level":"error"}
{"message":"Insert to main_rects failedError: (conn=1460, no: 1136, SQLState: 21S01) Column count doesn't match value count at row 1\nsql: INSERT INTO main_rects (x,y,width,height) VALUES (?)  - parameters:['0,0,10,20']","level":"error"}
{"message":"App listening on port 8080!","level":"info"}
{"message":"Insert to overlap_rects failedTypeError: Cannot convert undefined or null to object","level":"error"}
{"message":"Connected to MariaDB...","level":"info"}
{"message":"Connected to MariaDB...","level":"info"}
{"message":"Insert to main_rects failedError: (conn=1464, no: 1136, SQLState: 21S01) Column count doesn't match value count at row 1\nsql: INSERT INTO main_rects (x,y,width,height) VALUES (?)  - parameters:['0,0,10,20']","level":"error"}
{"message":"Insert to main_rects failedError: (conn=1465, no: 1136, SQLState: 21S01) Column count doesn't match value count at row 1\nsql: INSERT INTO main_rects (x,y,width,height) VALUES (?)  - parameters:['0,0,10,20']","level":"error"}
{"message":"App listening on port 8080!","level":"info"}
{"message":"Insert to overlap_rects failedTypeError: Cannot convert undefined or null to object","level":"error"}
{"message":"Connected to MariaDB...","level":"info"}
{"message":"Connected to MariaDB...","level":"info"}
{"message":"Insert to main_rects failedError: (conn=1470, no: 1136, SQLState: 21S01) Column count doesn't match value count at row 1\nsql: INSERT INTO main_rects (x,y,width,height) VALUES (?)  - parameters:['0,0,10,20']","level":"error"}
{"message":"Insert to main_rects failedError: (conn=1469, no: 1136, SQLState: 21S01) Column count doesn't match value count at row 1\nsql: INSERT INTO main_rects (x,y,width,height) VALUES (?)  - parameters:['0,0,10,20']","level":"error"}
{"message":"App listening on port 8080!","level":"info"}
{"message":"App listening on port 8080!","level":"info"}
{"message":"App listening on port 8080!","level":"info"}
{"message":"App listening on port 8080!","level":"info"}
{"message":"Insert to overlap_rects failedTypeError: Cannot convert undefined or null to object","level":"error"}
{"message":"Connected to MariaDB...","level":"info"}
{"message":"Connected to MariaDB...","level":"info"}
{"message":"Insert to main_rects failedError: (conn=1497, no: 1136, SQLState: 21S01) Column count doesn't match value count at row 1\nsql: INSERT INTO main_rects (x,y,width,height) VALUES (?)  - parameters:['0,0,10,20']","level":"error"}
{"message":"Insert to main_rects failedError: (conn=1498, no: 1136, SQLState: 21S01) Column count doesn't match value count at row 1\nsql: INSERT INTO main_rects (x,y,width,height) VALUES (?)  - parameters:['0,0,10,20']","level":"error"}
{"message":"App listening on port 8080!","level":"info"}
{"message":"Insert to overlap_rects failedTypeError: Cannot convert undefined or null to object","level":"error"}
{"message":"Connected to MariaDB...","level":"info"}
{"message":"Connected to MariaDB...","level":"info"}
{"message":"Insert to main_rects failedError: (conn=1502, no: 1136, SQLState: 21S01) Column count doesn't match value count at row 1\nsql: INSERT INTO main_rects (x,y,width,height) VALUES (?)  - parameters:['0,0,10,20']","level":"error"}
{"message":"Insert to main_rects failedError: (conn=1503, no: 1136, SQLState: 21S01) Column count doesn't match value count at row 1\nsql: INSERT INTO main_rects (x,y,width,height) VALUES (?)  - parameters:['0,0,10,20']","level":"error"}
{"message":"App listening on port 8080!","level":"info"}
{"message":"App listening on port 8080!","level":"info"}
{"message":"Insert to overlap_rects failedTypeError: Cannot convert undefined or null to object","level":"error"}
{"message":"Connected to MariaDB...","level":"info"}
{"message":"Connected to MariaDB...","level":"info"}
{"message":"Insert to main_rects failedError: (conn=1512, no: 1136, SQLState: 21S01) Column count doesn't match value count at row 1\nsql: INSERT INTO main_rects (x,y,width,height) VALUES (?)  - parameters:['0,0,10,20']","level":"error"}
{"message":"Insert to main_rects failedError: (conn=1513, no: 1136, SQLState: 21S01) Column count doesn't match value count at row 1\nsql: INSERT INTO main_rects (x,y,width,height) VALUES (?)  - parameters:['0,0,10,20']","level":"error"}
{"message":"App listening on port 8080!","level":"info"}
{"message":"Insert to overlap_rects failedTypeError: Cannot convert undefined or null to object","level":"error"}
{"message":"Connected to MariaDB...","level":"info"}
{"message":"Connected to MariaDB...","level":"info"}
{"message":"Insert to main_rects failedError: (conn=1517, no: 1136, SQLState: 21S01) Column count doesn't match value count at row 1\nsql: INSERT INTO main_rects (x,y,width,height) VALUES (?)  - parameters:['0,0,10,20']","level":"error"}
{"message":"Insert to main_rects failedError: (conn=1518, no: 1136, SQLState: 21S01) Column count doesn't match value count at row 1\nsql: INSERT INTO main_rects (x,y,width,height) VALUES (?)  - parameters:['0,0,10,20']","level":"error"}
{"message":"App listening on port 8080!","level":"info"}
{"message":"Insert to overlap_rects failedTypeError: Cannot convert undefined or null to object","level":"error"}
{"message":"Connected to MariaDB...","level":"info"}
{"message":"Connected to MariaDB...","level":"info"}
{"message":"Insert to main_rects failedError: (conn=1522, no: 1136, SQLState: 21S01) Column count doesn't match value count at row 1\nsql: INSERT INTO main_rects (x,y,width,height) VALUES (?)  - parameters:['0,0,10,20']","level":"error"}
{"message":"Insert to main_rects failedError: (conn=1523, no: 1136, SQLState: 21S01) Column count doesn't match value count at row 1\nsql: INSERT INTO main_rects (x,y,width,height) VALUES (?)  - parameters:['0,0,10,20']","level":"error"}
{"message":"App listening on port 8080!","level":"info"}
{"message":"Insert to overlap_rects failedTypeError: Cannot convert undefined or null to object","level":"error"}
{"message":"Connected to MariaDB...","level":"info"}
{"message":"Connected to MariaDB...","level":"info"}
{"message":"Insert to main_rects failedReferenceError: id is not defined","level":"error"}
{"message":"Insert to main_rects failedReferenceError: id is not defined","level":"error"}
{"message":"App listening on port 8080!","level":"info"}
{"message":"App listening on port 8080!","level":"info"}
{"message":"App listening on port 8080!","level":"info"}
{"message":"Insert to overlap_rects failedTypeError: Cannot convert undefined or null to object","level":"error"}
{"message":"Connected to MariaDB...","level":"info"}
{"message":"Connected to MariaDB...","level":"info"}
{"message":"Insert to main_rects failedTypeError: Cannot read property 'id' of undefined","level":"error"}
{"message":"Insert to main_rects failedTypeError: Cannot read property 'id' of undefined","level":"error"}
{"message":"App listening on port 8080!","level":"info"}
{"message":"App listening on port 8080!","level":"info"}
{"message":"Insert to overlap_rects failedTypeError: Cannot convert undefined or null to object","level":"error"}
{"message":"Connected to MariaDB...","level":"info"}
{"message":"Connected to MariaDB...","level":"info"}
{"message":"App listening on port 8080!","level":"info"}
{"message":"App listening on port 8080!","level":"info"}
{"message":"Insert to overlap_rects failedTypeError: Cannot convert undefined or null to object","level":"error"}
{"message":"Connected to MariaDB...","level":"info"}
{"message":"Connected to MariaDB...","level":"info"}
{"message":"App listening on port 8080!","level":"info"}
{"message":"Insert to overlap_rects failedTypeError: Cannot convert undefined or null to object","level":"error"}
{"message":"Connected to MariaDB...","level":"info"}
{"message":"Connected to MariaDB...","level":"info"}
{"message":"Insert to main_rects failedReferenceError: insertId is not defined","level":"error"}
{"message":"Insert to main_rects failedReferenceError: insertId is not defined","level":"error"}
{"message":"App listening on port 8080!","level":"info"}
{"message":"Insert to overlap_rects failedTypeError: Cannot convert undefined or null to object","level":"error"}
{"message":"Connected to MariaDB...","level":"info"}
{"message":"Connected to MariaDB...","level":"info"}
{"message":"Insert to overlap_rects failedTypeError: Cannot convert undefined or null to object","level":"error"}
{"message":"Connected to MariaDB...","level":"info"}
{"message":"Connected to MariaDB...","level":"info"}
{"message":"App listening on port 8080!","level":"info"}
{"message":"Insert to overlap_rects failedTypeError: Cannot convert undefined or null to object","level":"error"}
{"message":"Connected to MariaDB...","level":"info"}
{"message":"Connected to MariaDB...","level":"info"}
{"message":"App listening on port 8080!","level":"info"}
{"message":"App listening on port 8080!","level":"info"}
{"message":"App listening on port 8080!","level":"info"}
{"message":"App listening on port 8080!","level":"info"}
{"message":"App listening on port 8080!","level":"info"}
{"message":"Connected to MariaDB...","level":"info"}
{"message":"Connected to MariaDB...","level":"info"}
{"message":"Insert to overlap_rects failedError: (conn=1675, no: 1064, SQLState: 42000) You have an error in your SQL syntax; check the manual that corresponds to your MariaDB server version for the right syntax to use near ''(\\'2\\',\\'18\\',\\'5\\',\\'4\\',\\'2021-08-19 04:38:22\\'),(\\'-1\\',\\'-1\\',\\'5\\',\\'4\\...' at line 1\nsql: INSERT INTO overlap_rects (x,y,width,height,time) VALUES ?  - parameters:['('2','18','5','4','2021-08-19 04:38:22'),('-1','-1','5','4','2021-08-19 04:38:22')']","level":"error"}
{"message":"App listening on port 8080!","level":"info"}
{"message":"App listening on port 8080!","level":"info"}
{"message":"Connected to MariaDB...","level":"info"}
{"message":"Connected to MariaDB...","level":"info"}
{"message":"Insert to overlap_rects failedError: (conn=1685, no: 1064, SQLState: 42000) You have an error in your SQL syntax; check the manual that corresponds to your MariaDB server version for the right syntax to use near ''(\\'2\\',\\'18\\',\\'5\\',\\'4\\',\\'2021-08-19 04:39:28\\',\\'18\\'),(\\'-1\\',\\'-1\\',\\'5...' at line 1\nsql: INSERT INTO overlap_rects (x,y,width,height,time,main_id) VALUES ?  - parameters:['('2','18','5','4','2021-08-19 04:39:28','18'),('-1','-1','5','4','2021-08-19 04:39:28','18')']","level":"error"}
{"message":"App listening on port 8080!","level":"info"}
{"message":"Connected to MariaDB...","level":"info"}
{"message":"Connected to MariaDB...","level":"info"}
{"message":"Insert to overlap_rects failedError: (conn=1690, no: 1265, SQLState: 01000) Data truncated for column 'time' at row 1\nsql: INSERT INTO overlap_rects (x,y,width,height,time,main_id) VALUES ('2','18','5','4','2021-08-19 04:40:30','19'),('-1','-1','5','4','2021-08-19 04:40:30','19')  - parameters:[]","level":"error"}
{"message":"App listening on port 8080!","level":"info"}
{"message":"Connected to MariaDB...","level":"info"}
{"message":"Connected to MariaDB...","level":"info"}
{"message":"Connected to MariaDB...","level":"info"}
{"message":"Connected to MariaDB...","level":"info"}
{"message":"App listening on port 8080!","level":"info"}
{"message":"App listening on port 8080!","level":"info"}
{"message":"App listening on port 8080!","level":"info"}
{"message":"Connected to MariaDB...","level":"info"}
{"message":"Connected to MariaDB...","level":"info"}
{"message":"App listening on port 8080!","level":"info"}
{"message":"App listening on port 8080!","level":"info"}
{"message":"App listening on port 8080!","level":"info"}
{"message":"Connected to MariaDB...","level":"info"}
{"message":"Connected to MariaDB...","level":"info"}
{"message":"App listening on port 8080!","level":"info"}
{"message":"App listening on port 8080!","level":"info"}
{"message":"App listening on port 8080!","level":"info"}
{"message":"App listening on port 8080!","level":"info"}
{"message":"App listening on port 8080!","level":"info"}
{"message":"App listening on port 8080!","level":"info"}
{"message":"App listening on port 8080!","level":"info"}
{"message":"App listening on port 8080!","level":"info"}
{"message":"App listening on port 8080!","level":"info"}
{"message":"App listening on port 8080!","level":"info"}
{"message":"App listening on port 8080!","level":"info"}
{"message":"App listening on port 8080!","level":"info"}
{"message":"App listening on port 8080!","level":"info"}
{"message":"App listening on port 8080!","level":"info"}
{"message":"Connected to MariaDB...","level":"info"}
{"message":"Insert to main_rects successful[object Object]","level":"info"}
{"message":"Connected to MariaDB...","level":"info"}
{"message":"Insert to overlap_rects successful[object Object]","level":"info"}
{"message":"App listening on port 8080!","level":"info"}
{"message":"App listening on port 8080!","level":"info"}
{"message":"App listening on port 8080!","level":"info"}
{"message":"App listening on port 8080!","level":"info"}
{"message":"App listening on port 8080!","level":"info"}
{"message":"Connected to MariaDB...","level":"info"}
{"message":"Insert to main_rects successful[object Object]","level":"info"}
{"message":"Connected to MariaDB...","level":"info"}
{"message":"Insert to overlap_rects successful[object Object]","level":"info"}
{"message":"Connected to MariaDB...","level":"info"}
{"message":"Select from overlap_rects successful[object Object],[object Object],[object Object],[object Object],[object Object],[object Object],[object Object]","level":"info"}
{"message":"App listening on port 8080!","level":"info"}
{"message":"Connected to MariaDB...","level":"info"}
{"message":"Insert to main_rects successful","level":"info"}
{"message":"Connected to MariaDB...","level":"info"}
{"message":"Insert to overlap_rects successful","level":"info"}
{"message":"App listening on port 8080!","level":"info"}
{"message":"App listening on port 8080!","level":"info"}
{"message":"App listening on port 8080!","level":"info"}
{"message":"Connected to MariaDB...","level":"info"}
{"message":"Insert to main_rects successful","level":"info"}
{"message":"Connected to MariaDB...","level":"info"}
{"message":"Insert to overlap_rects successful","level":"info"}
{"message":"Connected to MariaDB...","level":"info"}
{"message":"Insert to main_rects successful","level":"info"}
{"message":"Connected to MariaDB...","level":"info"}
{"message":"Insert to overlap_rects successful","level":"info"}
{"message":"Connected to MariaDB...","level":"info"}
{"message":"Insert to main_rects successful","level":"info"}
{"message":"Connected to MariaDB...","level":"info"}
{"message":"Insert to overlap_rects successful","level":"info"}
{"message":"App listening on port 8080!","level":"info"}
{"message":"Connected to MariaDB...","level":"info"}
{"message":"Insert to main_rects successful","level":"info"}
{"message":"Connected to MariaDB...","level":"info"}
{"message":"Insert to overlap_rects successful","level":"info"}
{"message":"App listening on port 8080!","level":"info"}
{"message":"App listening on port 8080!","level":"info"}
{"message":"App listening on port 8080!","level":"info"}
{"message":"Connected to MariaDB...","level":"info"}
{"message":"Select from overlap_rects successful","level":"info"}
{"message":"App listening on port 8080!","level":"info"}
{"message":"Connected to MariaDB...","level":"info"}
{"message":"Insert to main_rects successful","level":"info"}
{"message":"Connected to MariaDB...","level":"info"}
{"message":"Insert to overlap_rects successful","level":"info"}
{"message":"App listening on port 8080!","level":"info"}
{"message":"Connected to MariaDB...","level":"info"}
{"message":"Insert to main_rects successful","level":"info"}
{"message":"Insert to overlap_rects failedTypeError: Cannot convert undefined or null to object","level":"error"}
{"message":"App listening on port 8080!","level":"info"}
{"message":"App listening on port 8080!","level":"info"}
{"message":"Connected to MariaDB...","level":"info"}
{"message":"Insert to main_rects successful","level":"info"}
{"message":"Insert to overlap_rects failedTypeError: Cannot convert undefined or null to object","level":"error"}
{"message":"App listening on port 8080!","level":"info"}
{"message":"Connected to MariaDB...","level":"info"}
{"message":"Insert to main_rects successful","level":"info"}
{"message":"Insert to overlap_rects failedTypeError: Cannot convert undefined or null to object","level":"error"}
{"message":"App listening on port 8080!","level":"info"}
{"message":"Connected to MariaDB...","level":"info"}
{"message":"Insert to main_rects successful","level":"info"}
{"message":"Insert to overlap_rects failedTypeError: Cannot convert undefined or null to object","level":"error"}
{"message":"App listening on port 8080!","level":"info"}
{"message":"Connected to MariaDB...","level":"info"}
{"message":"Insert to main_rects successful","level":"info"}
{"message":"Insert to overlap_rects failedTypeError: Cannot convert undefined or null to object","level":"error"}
{"message":"App listening on port 8080!","level":"info"}
{"message":"App listening on port 8080!","level":"info"}
{"message":"Connected to MariaDB...","level":"info"}
{"message":"Insert to main_rects successful","level":"info"}
{"message":"Insert to overlap_rects failedTypeError: Cannot convert undefined or null to object","level":"error"}
{"message":"App listening on port 8080!","level":"info"}
{"message":"Connected to MariaDB...","level":"info"}
{"message":"Insert to main_rects successful","level":"info"}
{"message":"Insert to overlap_rects failedTypeError: Cannot convert undefined or null to object","level":"error"}
{"message":"App listening on port 8080!","level":"info"}
{"message":"App listening on port 8080!","level":"info"}
{"message":"App listening on port 8080!","level":"info"}
{"message":"App listening on port 8080!","level":"info"}
{"message":"Connected to MariaDB...","level":"info"}
{"message":"Select from overlap_rects failedReferenceError: toDateString is not defined","level":"error"}
{"message":"App listening on port 8080!","level":"info"}
{"message":"Connected to MariaDB...","level":"info"}
{"message":"Select from overlap_rects failedReferenceError: toDateString is not defined","level":"error"}
{"message":"App listening on port 8080!","level":"info"}
{"message":"Connected to MariaDB...","level":"info"}
{"message":"Select from overlap_rects failedReferenceError: moment is not defined","level":"error"}
{"message":"App listening on port 8080!","level":"info"}
{"message":"Connected to MariaDB...","level":"info"}
{"message":"Select from overlap_rects successful","level":"info"}
{"message":"App listening on port 8080!","level":"info"}
{"message":"Connected to MariaDB...","level":"info"}
{"message":"Select from overlap_rects successful","level":"info"}
{"message":"App listening on port 8080!","level":"info"}
{"message":"Connected to MariaDB...","level":"info"}
{"message":"Insert to main_rects successful","level":"info"}
{"message":"Insert to overlap_rects failedTypeError: Cannot convert undefined or null to object","level":"error"}
{"message":"App listening on port 8080!","level":"info"}
{"message":"App listening on port 8080!","level":"info"}
{"message":"Connected to MariaDB...","level":"info"}
{"message":"Insert to main_rects successful","level":"info"}
{"message":"Connected to MariaDB...","level":"info"}
{"message":"Insert to overlap_rects successful","level":"info"}
{"message":"Connected to MariaDB...","level":"info"}
{"message":"Select from overlap_rects successful","level":"info"}
{"message":"App listening on port 8080!","level":"info"}
{"message":"App listening on port 8080!","level":"info"}
{"message":"Connected to MariaDB...","level":"info"}
{"message":"Select from overlap_rects successful","level":"info"}
{"message":"App listening on port 8080!","level":"info"}
{"message":"Connected to MariaDB...","level":"info"}
{"message":"No rows found in select from overlap_rects","level":"info"}
{"message":"App listening on port 8080!","level":"info"}
{"message":"Connected to MariaDB...","level":"info"}
{"message":"No rows found in select from overlap_rects","level":"info"}
{"message":"Connected to MariaDB...","level":"info"}
{"message":"Insert to main_rects successful","level":"info"}
{"message":"Connected to MariaDB...","level":"info"}
{"message":"Insert to overlap_rects successful","level":"info"}
{"message":"Connected to MariaDB...","level":"info"}
{"message":"Select from overlap_rects successful","level":"info"}
