{"message":"Insert to main_rects failedError: Parameter at position 2 is not set\nsql: INSERT INTO main_rects (?) VALUES (?)  - parameters:['x,y,width,height']","level":"error"}
{"message":"Insert to overlap_rects failedReferenceError: items is not defined","level":"error"}
{"message":"Insert to main_rects failedError: Parameter at position 2 is not set\nsql: INSERT INTO main_rects (?) VALUES (?)  - parameters:['x,y,width,height']","level":"error"}
{"message":"Insert to main_rects failedError: Parameter at position 2 is not set\nsql: INSERT INTO main_rects (?) VALUES (?)  - parameters:['x,y,width,height']","level":"error"}
{"message":"Insert to overlap_rects failedReferenceError: items is not defined","level":"error"}
{"message":"Insert to main_rects failedError: Parameter at position 2 is not set\nsql: INSERT INTO main_rects (?) VALUES (?)  - parameters:['x,y,width,height']","level":"error"}
{"message":"Insert to main_rects failedError: Parameter at position 2 is not set\nsql: INSERT INTO main_rects (?) VALUES (?)  - parameters:['x,y,width,height']","level":"error"}
{"message":"Insert to overlap_rects failedReferenceError: items is not defined","level":"error"}
{"message":"Insert to main_rects failedReferenceError: id is not defined","level":"error"}
{"message":"Insert to main_rects failedReferenceError: id is not defined","level":"error"}
{"message":"Insert to overlap_rects failedTypeError: Cannot convert undefined or null to object","level":"error"}
{"message":"Insert to main_rects failedTypeError: Cannot read property 'id' of undefined","level":"error"}
{"message":"Insert to main_rects failedTypeError: Cannot read property 'id' of undefined","level":"error"}
{"message":"Insert to overlap_rects failedTypeError: Cannot convert undefined or null to object","level":"error"}
{"message":"Insert to overlap_rects failedTypeError: Cannot convert undefined or null to object","level":"error"}
{"message":"Insert to overlap_rects failedTypeError: Cannot convert undefined or null to object","level":"error"}
{"message":"Insert to main_rects failedReferenceError: insertId is not defined","level":"error"}
{"message":"Insert to main_rects failedReferenceError: insertId is not defined","level":"error"}
{"message":"Insert to overlap_rects failedTypeError: Cannot convert undefined or null to object","level":"error"}
{"message":"Insert to overlap_rects failedTypeError: Cannot convert undefined or null to object","level":"error"}
{"message":"Insert to overlap_rects failedTypeError: Cannot convert undefined or null to object","level":"error"}
{"message":"Insert to overlap_rects failedError: (conn=1675, no: 1064, SQLState: 42000) You have an error in your SQL syntax; check the manual that corresponds to your MariaDB server version for the right syntax to use near ''(\\'2\\',\\'18\\',\\'5\\',\\'4\\',\\'2021-08-19 04:38:22\\'),(\\'-1\\',\\'-1\\',\\'5\\',\\'4\\...' at line 1\nsql: INSERT INTO overlap_rects (x,y,width,height,time) VALUES ?  - parameters:['('2','18','5','4','2021-08-19 04:38:22'),('-1','-1','5','4','2021-08-19 04:38:22')']","level":"error"}
{"message":"Insert to overlap_rects failedError: (conn=1685, no: 1064, SQLState: 42000) You have an error in your SQL syntax; check the manual that corresponds to your MariaDB server version for the right syntax to use near ''(\\'2\\',\\'18\\',\\'5\\',\\'4\\',\\'2021-08-19 04:39:28\\',\\'18\\'),(\\'-1\\',\\'-1\\',\\'5...' at line 1\nsql: INSERT INTO overlap_rects (x,y,width,height,time,main_id) VALUES ?  - parameters:['('2','18','5','4','2021-08-19 04:39:28','18'),('-1','-1','5','4','2021-08-19 04:39:28','18')']","level":"error"}
{"message":"Insert to overlap_rects failedError: (conn=1690, no: 1265, SQLState: 01000) Data truncated for column 'time' at row 1\nsql: INSERT INTO overlap_rects (x,y,width,height,time,main_id) VALUES ('2','18','5','4','2021-08-19 04:40:30','19'),('-1','-1','5','4','2021-08-19 04:40:30','19')  - parameters:[]","level":"error"}
{"message":"Insert to overlap_rects failedTypeError: Cannot convert undefined or null to object","level":"error"}
{"message":"Insert to overlap_rects failedTypeError: Cannot convert undefined or null to object","level":"error"}
{"message":"Insert to overlap_rects failedTypeError: Cannot convert undefined or null to object","level":"error"}
{"message":"Insert to overlap_rects failedTypeError: Cannot convert undefined or null to object","level":"error"}
{"message":"Insert to overlap_rects failedTypeError: Cannot convert undefined or null to object","level":"error"}
{"message":"Insert to overlap_rects failedTypeError: Cannot convert undefined or null to object","level":"error"}
{"message":"Insert to overlap_rects failedTypeError: Cannot convert undefined or null to object","level":"error"}
{"message":"Select from overlap_rects failedReferenceError: toDateString is not defined","level":"error"}
{"message":"Select from overlap_rects failedReferenceError: toDateString is not defined","level":"error"}
{"message":"Select from overlap_rects failedReferenceError: moment is not defined","level":"error"}
{"message":"Insert to overlap_rects failedTypeError: Cannot convert undefined or null to object","level":"error"}
